This file contains any messages produced by compilers while
running configure, to aid debugging if configure makes a mistake.

It was created by gaul-devel configure 0.1850-0, which was
generated by GNU Autoconf 2.59.  Invocation command line was

  $ ./configure 

## --------- ##
## Platform. ##
## --------- ##

hostname = heonae
uname -m = x86_64
uname -r = 5.4.0-91-generic
uname -s = Linux
uname -v = #102-Ubuntu SMP Fri Nov 5 16:31:28 UTC 2021

/usr/bin/uname -p = x86_64
/bin/uname -X     = unknown

/bin/arch              = x86_64
/usr/bin/arch -k       = unknown
/usr/convex/getsysinfo = unknown
hostinfo               = unknown
/bin/machine           = unknown
/usr/bin/oslevel       = unknown
/bin/universe          = unknown

PATH: /home/aeri/.local/bin
PATH: /home/aeri/.local/bin
PATH: /path/to/depot_tools
PATH: /home/aeri/git/rtags/bin
PATH: /home/aeri/git/emsdk
PATH: /home/aeri/git/emsdk/node/14.15.5_64bit/bin
PATH: /home/aeri/git/emsdk/upstream/emscripten
PATH: /home/aeri/.emacs.d/bin
PATH: /home/aeri/emacs-27.1/src/
PATH: /usr/local/texlive/2021/bin/x86_64-linux
PATH: /home/aeri/.radicle/bin
PATH: /home/aeri/git/emsdk
PATH: /home/aeri/git/emsdk/upstream/emscripten
PATH: /home/aeri/git/emsdk/node/14.15.5_64bit/bin
PATH: /usr/local/sbin
PATH: /usr/local/bin
PATH: /usr/sbin
PATH: /usr/bin
PATH: /sbin
PATH: /bin
PATH: /usr/games
PATH: /usr/local/games
PATH: /snap/bin
PATH: /home/aeri/.dotnet/tools


## ----------- ##
## Core tests. ##
## ----------- ##

configure:1563: checking build system type
configure:1581: result: x86_64-unknown-linux-gnu
configure:1589: checking host system type
configure:1603: result: x86_64-unknown-linux-gnu
configure:1611: checking target system type
configure:1625: result: x86_64-unknown-linux-gnu
configure:1716: checking for a BSD-compatible install
configure:1771: result: /usr/bin/install -c
configure:1782: checking whether build environment is sane
configure:1825: result: yes
configure:1890: checking for gawk
configure:1906: found /usr/bin/gawk
configure:1916: result: gawk
configure:1926: checking whether make sets $(MAKE)
configure:1946: result: yes
configure:2153: checking for gcc
configure:2169: found /usr/bin/gcc
configure:2179: result: gcc
configure:2423: checking for C compiler version
configure:2426: gcc --version </dev/null >&5
gcc (Ubuntu 8.4.0-3ubuntu2) 8.4.0
Copyright (C) 2018 Free Software Foundation, Inc.
This is free software; see the source for copying conditions.  There is NO
warranty; not even for MERCHANTABILITY or FITNESS FOR A PARTICULAR PURPOSE.

configure:2429: $? = 0
configure:2431: gcc -v </dev/null >&5
Using built-in specs.
COLLECT_GCC=gcc
COLLECT_LTO_WRAPPER=/usr/lib/gcc/x86_64-linux-gnu/8/lto-wrapper
OFFLOAD_TARGET_NAMES=nvptx-none
OFFLOAD_TARGET_DEFAULT=1
Target: x86_64-linux-gnu
Configured with: ../src/configure -v --with-pkgversion='Ubuntu 8.4.0-3ubuntu2' --with-bugurl=file:///usr/share/doc/gcc-8/README.Bugs --enable-languages=c,ada,c++,go,brig,d,fortran,objc,obj-c++ --prefix=/usr --with-gcc-major-version-only --program-suffix=-8 --program-prefix=x86_64-linux-gnu- --enable-shared --enable-linker-build-id --libexecdir=/usr/lib --without-included-gettext --enable-threads=posix --libdir=/usr/lib --enable-nls --enable-bootstrap --enable-clocale=gnu --enable-libstdcxx-debug --enable-libstdcxx-time=yes --with-default-libstdcxx-abi=new --enable-gnu-unique-object --disable-vtable-verify --enable-libmpx --enable-plugin --enable-default-pie --with-system-zlib --with-target-system-zlib=auto --enable-objc-gc=auto --enable-multiarch --disable-werror --with-arch-32=i686 --with-abi=m64 --with-multilib-list=m32,m64,mx32 --enable-multilib --with-tune=generic --enable-offload-targets=nvptx-none --without-cuda-driver --enable-checking=release --build=x86_64-linux-gnu --host=x86_64-linux-gnu --target=x86_64-linux-gnu
Thread model: posix
gcc version 8.4.0 (Ubuntu 8.4.0-3ubuntu2) 
configure:2434: $? = 0
configure:2436: gcc -V </dev/null >&5
gcc: error: unrecognized command line option '-V'
gcc: fatal error: no input files
compilation terminated.
configure:2439: $? = 1
configure:2462: checking for C compiler default output file name
configure:2465: gcc    conftest.c  >&5
configure:2468: $? = 0
configure:2514: result: a.out
configure:2519: checking whether the C compiler works
configure:2525: ./a.out
configure:2528: $? = 0
configure:2545: result: yes
configure:2552: checking whether we are cross compiling
configure:2554: result: no
configure:2557: checking for suffix of executables
configure:2559: gcc -o conftest    conftest.c  >&5
configure:2562: $? = 0
configure:2587: result: 
configure:2593: checking for suffix of object files
configure:2614: gcc -c   conftest.c >&5
configure:2617: $? = 0
configure:2639: result: o
configure:2643: checking whether we are using the GNU C compiler
configure:2667: gcc -c   conftest.c >&5
configure:2673: $? = 0
configure:2677: test -z 
			 || test ! -s conftest.err
configure:2680: $? = 0
configure:2683: test -s conftest.o
configure:2686: $? = 0
configure:2699: result: yes
configure:2705: checking whether gcc accepts -g
configure:2726: gcc -c -g  conftest.c >&5
configure:2732: $? = 0
configure:2736: test -z 
			 || test ! -s conftest.err
configure:2739: $? = 0
configure:2742: test -s conftest.o
configure:2745: $? = 0
configure:2756: result: yes
configure:2773: checking for gcc option to accept ANSI C
configure:2843: gcc  -c -g -O2  conftest.c >&5
configure:2849: $? = 0
configure:2853: test -z 
			 || test ! -s conftest.err
configure:2856: $? = 0
configure:2859: test -s conftest.o
configure:2862: $? = 0
configure:2880: result: none needed
configure:2898: gcc -c -g -O2  conftest.c >&5
conftest.c:2:3: error: unknown type name 'choke'
   choke me
   ^~~~~
conftest.c:2:3: error: expected '=', ',', ';', 'asm' or '__attribute__' at end of input
configure:2904: $? = 1
configure: failed program was:
| #ifndef __cplusplus
|   choke me
| #endif
configure:3048: checking for style of include used by make
configure:3076: result: GNU
configure:3104: checking dependency style of gcc
configure:3194: result: gcc3
configure:3224: checking for a BSD-compatible install
configure:3279: result: /usr/bin/install -c
configure:3366: checking for a sed that does not truncate output
configure:3420: result: /usr/bin/sed
configure:3423: checking for egrep
configure:3433: result: grep -E
configure:3449: checking for ld used by gcc
configure:3516: result: /usr/bin/ld
configure:3525: checking if the linker (/usr/bin/ld) is GNU ld
configure:3540: result: yes
configure:3545: checking for /usr/bin/ld option to reload object files
configure:3552: result: -r
configure:3570: checking for BSD-compatible nm
configure:3619: result: /usr/bin/nm -B
configure:3623: checking whether ln -s works
configure:3627: result: yes
configure:3634: checking how to recognise dependent libraries
configure:3810: result: pass_all
configure:3898: gcc -c -g -O2  conftest.c >&5
configure:3901: $? = 0
configure:4289: checking how to run the C preprocessor
configure:4324: gcc -E  conftest.c
configure:4330: $? = 0
configure:4362: gcc -E  conftest.c
conftest.c:16:10: fatal error: ac_nonexistent.h: No such file or directory
 #include <ac_nonexistent.h>
          ^~~~~~~~~~~~~~~~~~
compilation terminated.
configure:4368: $? = 1
configure: failed program was:
| /* confdefs.h.  */
| 
| #define PACKAGE_NAME "gaul-devel"
| #define PACKAGE_TARNAME "gaul-devel"
| #define PACKAGE_VERSION "0.1850-0"
| #define PACKAGE_STRING "gaul-devel 0.1850-0"
| #define PACKAGE_BUGREPORT "gaul@linux-domain.com"
| #define GA_MAJOR_VERSION 0
| #define GA_MINOR_VERSION 1850
| #define GA_LT_MINOR_VERSION 50
| #define GA_PATCH_VERSION 0
| #define GA_UNAME_STRING "Linux heonae 5.4.0-91-generic #102-Ubuntu SMP Fri Nov 5 16:31:28 UTC 2021 x86_64 x86_64 x86_64 GNU/Linux"
| #define GA_BUILD_DATE_STRING "23/12/21"
| #define GA_VERSION_STRING "0.1850-0"
| /* end confdefs.h.  */
| #include <ac_nonexistent.h>
configure:4407: result: gcc -E
configure:4431: gcc -E  conftest.c
configure:4437: $? = 0
configure:4469: gcc -E  conftest.c
conftest.c:16:10: fatal error: ac_nonexistent.h: No such file or directory
 #include <ac_nonexistent.h>
          ^~~~~~~~~~~~~~~~~~
compilation terminated.
configure:4475: $? = 1
configure: failed program was:
| /* confdefs.h.  */
| 
| #define PACKAGE_NAME "gaul-devel"
| #define PACKAGE_TARNAME "gaul-devel"
| #define PACKAGE_VERSION "0.1850-0"
| #define PACKAGE_STRING "gaul-devel 0.1850-0"
| #define PACKAGE_BUGREPORT "gaul@linux-domain.com"
| #define GA_MAJOR_VERSION 0
| #define GA_MINOR_VERSION 1850
| #define GA_LT_MINOR_VERSION 50
| #define GA_PATCH_VERSION 0
| #define GA_UNAME_STRING "Linux heonae 5.4.0-91-generic #102-Ubuntu SMP Fri Nov 5 16:31:28 UTC 2021 x86_64 x86_64 x86_64 GNU/Linux"
| #define GA_BUILD_DATE_STRING "23/12/21"
| #define GA_VERSION_STRING "0.1850-0"
| /* end confdefs.h.  */
| #include <ac_nonexistent.h>
configure:4519: checking for ANSI C header files
configure:4544: gcc -c -g -O2  conftest.c >&5
configure:4550: $? = 0
configure:4554: test -z 
			 || test ! -s conftest.err
configure:4557: $? = 0
configure:4560: test -s conftest.o
configure:4563: $? = 0
configure:4652: gcc -o conftest -g -O2   conftest.c  >&5
conftest.c: In function 'main':
conftest.c:33:7: warning: implicit declaration of function 'exit' [-Wimplicit-function-declaration]
       exit(2);
       ^~~~
conftest.c:33:7: warning: incompatible implicit declaration of built-in function 'exit'
conftest.c:33:7: note: include '<stdlib.h>' or provide a declaration of 'exit'
conftest.c:17:1:
+#include <stdlib.h>
 #if ((' ' & 0x0FF) == 0x020)
conftest.c:33:7:
       exit(2);
       ^~~~
conftest.c:34:3: warning: incompatible implicit declaration of built-in function 'exit'
   exit (0);
   ^~~~
conftest.c:34:3: note: include '<stdlib.h>' or provide a declaration of 'exit'
configure:4655: $? = 0
configure:4657: ./conftest
configure:4660: $? = 0
configure:4675: result: yes
configure:4699: checking for sys/types.h
configure:4715: gcc -c -g -O2  conftest.c >&5
configure:4721: $? = 0
configure:4725: test -z 
			 || test ! -s conftest.err
configure:4728: $? = 0
configure:4731: test -s conftest.o
configure:4734: $? = 0
configure:4745: result: yes
configure:4699: checking for sys/stat.h
configure:4715: gcc -c -g -O2  conftest.c >&5
configure:4721: $? = 0
configure:4725: test -z 
			 || test ! -s conftest.err
configure:4728: $? = 0
configure:4731: test -s conftest.o
configure:4734: $? = 0
configure:4745: result: yes
configure:4699: checking for stdlib.h
configure:4715: gcc -c -g -O2  conftest.c >&5
configure:4721: $? = 0
configure:4725: test -z 
			 || test ! -s conftest.err
configure:4728: $? = 0
configure:4731: test -s conftest.o
configure:4734: $? = 0
configure:4745: result: yes
configure:4699: checking for string.h
configure:4715: gcc -c -g -O2  conftest.c >&5
configure:4721: $? = 0
configure:4725: test -z 
			 || test ! -s conftest.err
configure:4728: $? = 0
configure:4731: test -s conftest.o
configure:4734: $? = 0
configure:4745: result: yes
configure:4699: checking for memory.h
configure:4715: gcc -c -g -O2  conftest.c >&5
configure:4721: $? = 0
configure:4725: test -z 
			 || test ! -s conftest.err
configure:4728: $? = 0
configure:4731: test -s conftest.o
configure:4734: $? = 0
configure:4745: result: yes
configure:4699: checking for strings.h
configure:4715: gcc -c -g -O2  conftest.c >&5
configure:4721: $? = 0
configure:4725: test -z 
			 || test ! -s conftest.err
configure:4728: $? = 0
configure:4731: test -s conftest.o
configure:4734: $? = 0
configure:4745: result: yes
configure:4699: checking for inttypes.h
configure:4715: gcc -c -g -O2  conftest.c >&5
configure:4721: $? = 0
configure:4725: test -z 
			 || test ! -s conftest.err
configure:4728: $? = 0
configure:4731: test -s conftest.o
configure:4734: $? = 0
configure:4745: result: yes
configure:4699: checking for stdint.h
configure:4715: gcc -c -g -O2  conftest.c >&5
configure:4721: $? = 0
configure:4725: test -z 
			 || test ! -s conftest.err
configure:4728: $? = 0
configure:4731: test -s conftest.o
configure:4734: $? = 0
configure:4745: result: yes
configure:4699: checking for unistd.h
configure:4715: gcc -c -g -O2  conftest.c >&5
configure:4721: $? = 0
configure:4725: test -z 
			 || test ! -s conftest.err
configure:4728: $? = 0
configure:4731: test -s conftest.o
configure:4734: $? = 0
configure:4745: result: yes
configure:4771: checking dlfcn.h usability
configure:4783: gcc -c -g -O2  conftest.c >&5
configure:4789: $? = 0
configure:4793: test -z 
			 || test ! -s conftest.err
configure:4796: $? = 0
configure:4799: test -s conftest.o
configure:4802: $? = 0
configure:4812: result: yes
configure:4816: checking dlfcn.h presence
configure:4826: gcc -E  conftest.c
configure:4832: $? = 0
configure:4852: result: yes
configure:4887: checking for dlfcn.h
configure:4894: result: yes
configure:4959: checking for g++
configure:4975: found /usr/bin/g++
configure:4985: result: g++
configure:5001: checking for C++ compiler version
configure:5004: g++ --version </dev/null >&5
g++ (Ubuntu 8.4.0-3ubuntu2) 8.4.0
Copyright (C) 2018 Free Software Foundation, Inc.
This is free software; see the source for copying conditions.  There is NO
warranty; not even for MERCHANTABILITY or FITNESS FOR A PARTICULAR PURPOSE.

configure:5007: $? = 0
configure:5009: g++ -v </dev/null >&5
Using built-in specs.
COLLECT_GCC=g++
COLLECT_LTO_WRAPPER=/usr/lib/gcc/x86_64-linux-gnu/8/lto-wrapper
OFFLOAD_TARGET_NAMES=nvptx-none
OFFLOAD_TARGET_DEFAULT=1
Target: x86_64-linux-gnu
Configured with: ../src/configure -v --with-pkgversion='Ubuntu 8.4.0-3ubuntu2' --with-bugurl=file:///usr/share/doc/gcc-8/README.Bugs --enable-languages=c,ada,c++,go,brig,d,fortran,objc,obj-c++ --prefix=/usr --with-gcc-major-version-only --program-suffix=-8 --program-prefix=x86_64-linux-gnu- --enable-shared --enable-linker-build-id --libexecdir=/usr/lib --without-included-gettext --enable-threads=posix --libdir=/usr/lib --enable-nls --enable-bootstrap --enable-clocale=gnu --enable-libstdcxx-debug --enable-libstdcxx-time=yes --with-default-libstdcxx-abi=new --enable-gnu-unique-object --disable-vtable-verify --enable-libmpx --enable-plugin --enable-default-pie --with-system-zlib --with-target-system-zlib=auto --enable-objc-gc=auto --enable-multiarch --disable-werror --with-arch-32=i686 --with-abi=m64 --with-multilib-list=m32,m64,mx32 --enable-multilib --with-tune=generic --enable-offload-targets=nvptx-none --without-cuda-driver --enable-checking=release --build=x86_64-linux-gnu --host=x86_64-linux-gnu --target=x86_64-linux-gnu
Thread model: posix
gcc version 8.4.0 (Ubuntu 8.4.0-3ubuntu2) 
configure:5012: $? = 0
configure:5014: g++ -V </dev/null >&5
g++: error: unrecognized command line option '-V'
g++: fatal error: no input files
compilation terminated.
configure:5017: $? = 1
configure:5020: checking whether we are using the GNU C++ compiler
configure:5044: g++ -c   conftest.cc >&5
configure:5050: $? = 0
configure:5054: test -z 
			 || test ! -s conftest.err
configure:5057: $? = 0
configure:5060: test -s conftest.o
configure:5063: $? = 0
configure:5076: result: yes
configure:5082: checking whether g++ accepts -g
configure:5103: g++ -c -g  conftest.cc >&5
configure:5109: $? = 0
configure:5113: test -z 
			 || test ! -s conftest.err
configure:5116: $? = 0
configure:5119: test -s conftest.o
configure:5122: $? = 0
configure:5133: result: yes
configure:5175: g++ -c -g -O2  conftest.cc >&5
configure:5181: $? = 0
configure:5185: test -z 
			 || test ! -s conftest.err
configure:5188: $? = 0
configure:5191: test -s conftest.o
configure:5194: $? = 0
configure:5220: g++ -c -g -O2  conftest.cc >&5
conftest.cc: In function 'int main()':
conftest.cc:31:1: error: 'exit' was not declared in this scope
 exit (42);
 ^~~~
configure:5226: $? = 1
configure: failed program was:
| /* confdefs.h.  */
| 
| #define PACKAGE_NAME "gaul-devel"
| #define PACKAGE_TARNAME "gaul-devel"
| #define PACKAGE_VERSION "0.1850-0"
| #define PACKAGE_STRING "gaul-devel 0.1850-0"
| #define PACKAGE_BUGREPORT "gaul@linux-domain.com"
| #define GA_MAJOR_VERSION 0
| #define GA_MINOR_VERSION 1850
| #define GA_LT_MINOR_VERSION 50
| #define GA_PATCH_VERSION 0
| #define GA_UNAME_STRING "Linux heonae 5.4.0-91-generic #102-Ubuntu SMP Fri Nov 5 16:31:28 UTC 2021 x86_64 x86_64 x86_64 GNU/Linux"
| #define GA_BUILD_DATE_STRING "23/12/21"
| #define GA_VERSION_STRING "0.1850-0"
| #define STDC_HEADERS 1
| #define HAVE_SYS_TYPES_H 1
| #define HAVE_SYS_STAT_H 1
| #define HAVE_STDLIB_H 1
| #define HAVE_STRING_H 1
| #define HAVE_MEMORY_H 1
| #define HAVE_STRINGS_H 1
| #define HAVE_INTTYPES_H 1
| #define HAVE_STDINT_H 1
| #define HAVE_UNISTD_H 1
| #define HAVE_DLFCN_H 1
| /* end confdefs.h.  */
| 
| int
| main ()
| {
| exit (42);
|   ;
|   return 0;
| }
configure:5175: g++ -c -g -O2  conftest.cc >&5
configure:5181: $? = 0
configure:5185: test -z 
			 || test ! -s conftest.err
configure:5188: $? = 0
configure:5191: test -s conftest.o
configure:5194: $? = 0
configure:5220: g++ -c -g -O2  conftest.cc >&5
configure:5226: $? = 0
configure:5230: test -z 
			 || test ! -s conftest.err
configure:5233: $? = 0
configure:5236: test -s conftest.o
configure:5239: $? = 0
configure:5264: checking dependency style of g++
configure:5354: result: gcc3
configure:5381: checking how to run the C++ preprocessor
configure:5412: g++ -E  conftest.cc
configure:5418: $? = 0
configure:5450: g++ -E  conftest.cc
conftest.cc:30:10: fatal error: ac_nonexistent.h: No such file or directory
 #include <ac_nonexistent.h>
          ^~~~~~~~~~~~~~~~~~
compilation terminated.
configure:5456: $? = 1
configure: failed program was:
| /* confdefs.h.  */
| 
| #define PACKAGE_NAME "gaul-devel"
| #define PACKAGE_TARNAME "gaul-devel"
| #define PACKAGE_VERSION "0.1850-0"
| #define PACKAGE_STRING "gaul-devel 0.1850-0"
| #define PACKAGE_BUGREPORT "gaul@linux-domain.com"
| #define GA_MAJOR_VERSION 0
| #define GA_MINOR_VERSION 1850
| #define GA_LT_MINOR_VERSION 50
| #define GA_PATCH_VERSION 0
| #define GA_UNAME_STRING "Linux heonae 5.4.0-91-generic #102-Ubuntu SMP Fri Nov 5 16:31:28 UTC 2021 x86_64 x86_64 x86_64 GNU/Linux"
| #define GA_BUILD_DATE_STRING "23/12/21"
| #define GA_VERSION_STRING "0.1850-0"
| #define STDC_HEADERS 1
| #define HAVE_SYS_TYPES_H 1
| #define HAVE_SYS_STAT_H 1
| #define HAVE_STDLIB_H 1
| #define HAVE_STRING_H 1
| #define HAVE_MEMORY_H 1
| #define HAVE_STRINGS_H 1
| #define HAVE_INTTYPES_H 1
| #define HAVE_STDINT_H 1
| #define HAVE_UNISTD_H 1
| #define HAVE_DLFCN_H 1
| #ifdef __cplusplus
| extern "C" void std::exit (int) throw (); using std::exit;
| #endif
| /* end confdefs.h.  */
| #include <ac_nonexistent.h>
configure:5495: result: g++ -E
configure:5519: g++ -E  conftest.cc
configure:5525: $? = 0
configure:5557: g++ -E  conftest.cc
conftest.cc:30:10: fatal error: ac_nonexistent.h: No such file or directory
 #include <ac_nonexistent.h>
          ^~~~~~~~~~~~~~~~~~
compilation terminated.
configure:5563: $? = 1
configure: failed program was:
| /* confdefs.h.  */
| 
| #define PACKAGE_NAME "gaul-devel"
| #define PACKAGE_TARNAME "gaul-devel"
| #define PACKAGE_VERSION "0.1850-0"
| #define PACKAGE_STRING "gaul-devel 0.1850-0"
| #define PACKAGE_BUGREPORT "gaul@linux-domain.com"
| #define GA_MAJOR_VERSION 0
| #define GA_MINOR_VERSION 1850
| #define GA_LT_MINOR_VERSION 50
| #define GA_PATCH_VERSION 0
| #define GA_UNAME_STRING "Linux heonae 5.4.0-91-generic #102-Ubuntu SMP Fri Nov 5 16:31:28 UTC 2021 x86_64 x86_64 x86_64 GNU/Linux"
| #define GA_BUILD_DATE_STRING "23/12/21"
| #define GA_VERSION_STRING "0.1850-0"
| #define STDC_HEADERS 1
| #define HAVE_SYS_TYPES_H 1
| #define HAVE_SYS_STAT_H 1
| #define HAVE_STDLIB_H 1
| #define HAVE_STRING_H 1
| #define HAVE_MEMORY_H 1
| #define HAVE_STRINGS_H 1
| #define HAVE_INTTYPES_H 1
| #define HAVE_STDINT_H 1
| #define HAVE_UNISTD_H 1
| #define HAVE_DLFCN_H 1
| #ifdef __cplusplus
| extern "C" void std::exit (int) throw (); using std::exit;
| #endif
| /* end confdefs.h.  */
| #include <ac_nonexistent.h>
configure:5660: checking for g77
configure:5689: result: no
configure:5660: checking for f77
configure:5676: found /usr/bin/f77
configure:5686: result: f77
configure:5703: checking for Fortran 77 compiler version
configure:5704: f77 --version </dev/null >&5
GNU Fortran (Ubuntu 9.3.0-17ubuntu1~20.04) 9.3.0
Copyright (C) 2019 Free Software Foundation, Inc.
This is free software; see the source for copying conditions.  There is NO
warranty; not even for MERCHANTABILITY or FITNESS FOR A PARTICULAR PURPOSE.

configure:5707: $? = 0
configure:5709: f77 -v </dev/null >&5
Using built-in specs.
COLLECT_GCC=f77
COLLECT_LTO_WRAPPER=/usr/lib/gcc/x86_64-linux-gnu/9/lto-wrapper
OFFLOAD_TARGET_NAMES=nvptx-none:hsa
OFFLOAD_TARGET_DEFAULT=1
Target: x86_64-linux-gnu
Configured with: ../src/configure -v --with-pkgversion='Ubuntu 9.3.0-17ubuntu1~20.04' --with-bugurl=file:///usr/share/doc/gcc-9/README.Bugs --enable-languages=c,ada,c++,go,brig,d,fortran,objc,obj-c++,gm2 --prefix=/usr --with-gcc-major-version-only --program-suffix=-9 --program-prefix=x86_64-linux-gnu- --enable-shared --enable-linker-build-id --libexecdir=/usr/lib --without-included-gettext --enable-threads=posix --libdir=/usr/lib --enable-nls --enable-clocale=gnu --enable-libstdcxx-debug --enable-libstdcxx-time=yes --with-default-libstdcxx-abi=new --enable-gnu-unique-object --disable-vtable-verify --enable-plugin --enable-default-pie --with-system-zlib --with-target-system-zlib=auto --enable-objc-gc=auto --enable-multiarch --disable-werror --with-arch-32=i686 --with-abi=m64 --with-multilib-list=m32,m64,mx32 --enable-multilib --with-tune=generic --enable-offload-targets=nvptx-none=/build/gcc-9-HskZEa/gcc-9-9.3.0/debian/tmp-nvptx/usr,hsa --without-cuda-driver --enable-checking=release --build=x86_64-linux-gnu --host=x86_64-linux-gnu --target=x86_64-linux-gnu
Thread model: posix
gcc version 9.3.0 (Ubuntu 9.3.0-17ubuntu1~20.04) 
configure:5712: $? = 0
configure:5714: f77 -V </dev/null >&5
f77: error: unrecognized command line option '-V'
f77: fatal error: no input files
compilation terminated.
configure:5717: $? = 1
configure:5725: checking whether we are using the GNU Fortran 77 compiler
configure:5739: f77 -c  conftest.F >&5
configure:5745: $? = 0
configure:5749: test -z 
			 || test ! -s conftest.err
configure:5752: $? = 0
configure:5755: test -s conftest.o
configure:5758: $? = 0
configure:5771: result: yes
configure:5777: checking whether f77 accepts -g
configure:5789: f77 -c -g conftest.f >&5
configure:5795: $? = 0
configure:5799: test -z 
			 || test ! -s conftest.err
configure:5802: $? = 0
configure:5805: test -s conftest.o
configure:5808: $? = 0
configure:5820: result: yes
configure:5850: checking the maximum length of command line arguments
configure:5959: result: 32768
configure:5970: checking command to parse /usr/bin/nm -B output from gcc object
configure:6075: gcc -c -g -O2  conftest.c >&5
configure:6078: $? = 0
configure:6082: /usr/bin/nm -B conftest.o \| sed -n -e 's/^.*[ 	]\([ABCDGIRSTW][ABCDGIRSTW]*\)[ 	][ 	]*\([_A-Za-z][_A-Za-z0-9]*\)$/\1 \2 \2/p' \> conftest.nm
configure:6085: $? = 0
configure:6137: gcc -o conftest -g -O2   conftest.c conftstm.o >&5
configure:6140: $? = 0
configure:6178: result: ok
configure:6182: checking for objdir
configure:6197: result: .libs
configure:6287: checking for ar
configure:6303: found /usr/bin/ar
configure:6314: result: ar
configure:6367: checking for ranlib
configure:6383: found /usr/bin/ranlib
configure:6394: result: ranlib
configure:6447: checking for strip
configure:6463: found /usr/bin/strip
configure:6474: result: strip
configure:6746: checking if gcc supports -fno-rtti -fno-exceptions
configure:6766: gcc -c -g -O2  -fno-rtti -fno-exceptions conftest.c >&5
cc1: warning: command line option '-fno-rtti' is valid for C++/ObjC++ but not for C
configure:6770: $? = 0
configure:6781: result: no
configure:6771: checking for gcc option to produce PIC
configure:6981: result: -fPIC
configure:6989: checking if gcc PIC flag -fPIC works
configure:7034: gcc -c -g -O2  -fPIC -DPIC conftest.c >&5
configure:7038: $? = 0
configure:7024: result: yes
configure:7023: checking if gcc static flag -static works
configure:7051: result: yes
configure:7061: checking if gcc supports -c -o file.o
configure:7138: gcc -c -g -O2  -o out/conftest2.o conftest.c >&5
configure:7142: $? = 0
configure:7084: result: yes
configure:7110: checking whether the gcc linker (/usr/bin/ld -m elf_x86_64) supports shared libraries
configure:8068: result: yes
configure:8089: checking whether -lc should be explicitly linked in
configure:8094: gcc -c -g -O2  conftest.c >&5
configure:8097: $? = 0
configure:8112: gcc -shared conftest.o  -v -Wl,-soname -Wl,conftest -o conftest 2\>\&1 \| grep  -lc  \>/dev/null 2\>\&1
configure:8115: $? = 0
configure:8127: result: no
configure:8135: checking dynamic linker characteristics
configure:8528: gcc -c -g -O2  conftest.c >&5
configure:8531: $? = 0
configure:8744: result: GNU/Linux ld.so
configure:8753: checking how to hardcode library paths into programs
configure:8778: result: immediate
configure:8792: checking whether stripping libraries is possible
configure:8797: result: yes
configure:9631: checking if libtool supports shared libraries
configure:9633: result: yes
configure:9636: checking whether to build shared libraries
configure:9657: result: yes
configure:9660: checking whether to build static libraries
configure:9664: result: yes
configure:9756: creating libtool
configure:10344: checking for ld used by g++
configure:10411: result: /usr/bin/ld -m elf_x86_64
configure:10420: checking if the linker (/usr/bin/ld -m elf_x86_64) is GNU ld
configure:10435: result: yes
configure:10486: checking whether the g++ linker (/usr/bin/ld -m elf_x86_64) supports shared libraries
configure:11424: result: yes
configure:11442: g++ -c -g -O2  conftest.cpp >&5
configure:11445: $? = 0
configure:11564: checking for g++ option to produce PIC
configure:11838: result: -fPIC
configure:11846: checking if g++ PIC flag -fPIC works
configure:11944: g++ -c -g -O2  -fPIC -DPIC conftest.cpp >&5
configure:11948: $? = 0
configure:11881: result: yes
configure:11909: checking if g++ static flag -static works
configure:11937: result: yes
configure:11947: checking if g++ supports -c -o file.o
configure:12048: g++ -c -g -O2  -o out/conftest2.o conftest.cpp >&5
configure:12052: $? = 0
configure:11994: result: yes
configure:12020: checking whether the g++ linker (/usr/bin/ld -m elf_x86_64) supports shared libraries
configure:12045: result: yes
configure:12112: checking dynamic linker characteristics
configure:12505: g++ -c -g -O2  conftest.cpp >&5
configure:12508: $? = 0
configure:12721: result: GNU/Linux ld.so
configure:12730: checking how to hardcode library paths into programs
configure:12755: result: immediate
configure:13281: checking if libtool supports shared libraries
configure:13283: result: yes
configure:13286: checking whether to build shared libraries
configure:13306: result: yes
configure:13309: checking whether to build static libraries
configure:13313: result: yes
configure:13323: checking for f77 option to produce PIC
configure:13533: result: -fPIC
configure:13541: checking if f77 PIC flag -fPIC works
configure:13639: f77 -c -g -O2 -fPIC conftest.f >&5
configure:13643: $? = 0
configure:13576: result: yes
configure:13604: checking if f77 static flag -static works
configure:13632: result: yes
configure:13642: checking if f77 supports -c -o file.o
configure:13743: f77 -c -g -O2 -o out/conftest2.o conftest.f >&5
configure:13747: $? = 0
configure:13689: result: yes
configure:13715: checking whether the f77 linker (/usr/bin/ld -m elf_x86_64) supports shared libraries
configure:14653: result: yes
configure:14720: checking dynamic linker characteristics
configure:15113: f77 -c -g -O2 conftest.f >&5
conftest.f:1:2:

    1 | #line 15192 "configure"
      |  1
Warning: Illegal preprocessor directive
configure:15116: $? = 0
configure:15329: result: GNU/Linux ld.so
configure:15338: checking how to hardcode library paths into programs
configure:15363: result: immediate
configure:19096: checking for default number of processes to spawn in MP code
configure:19103: result: 8
configure:19106: checking for default number of threads to create in threaded code
configure:19113: result: 4
configure:19119: checking whether to link to pthread library
configure:19122: result: yes
configure:19127: checking for pthread_create in -lpthread
configure:19157: gcc -o conftest -g -O2   conftest.c -lpthread   -lpthread >&5
configure:19163: $? = 0
configure:19167: test -z 
			 || test ! -s conftest.err
configure:19170: $? = 0
configure:19173: test -s conftest
configure:19176: $? = 0
configure:19189: result: yes
configure:19214: checking whether to use OpenMP
configure:19227: result: no
configure:19259: checking whether to use MPI
configure:19262: result: no
configure:19573: checking whether to disable memory chunk allocation
configure:19576: result: no
configure:19590: checking whether to enable memory access debugging
configure:19603: result: no - safe wrappers only
configure:19614: checking whether to enable dumping of statistics
configure:19621: result: no
configure:19631: checking whether to enable general GAUL debugging
configure:19639: result: no
configure:19662: checking whether to pad memory to detect overflows
configure:19673: result: no
configure:19681: checking whether to cripple GAUL for windows
configure:19700: result: no
configure:19708: checking for sqrt in -lm
configure:19738: gcc -o conftest -g -O2   conftest.c -lm   -lpthread -lpthread >&5
conftest.c:44:6: warning: conflicting types for built-in function 'sqrt' [-Wbuiltin-declaration-mismatch]
 char sqrt ();
      ^~~~
configure:19744: $? = 0
configure:19748: test -z 
			 || test ! -s conftest.err
configure:19751: $? = 0
configure:19754: test -s conftest
configure:19757: $? = 0
configure:19770: result: yes
configure:19780: checking whether to link S-Lang scripting engine
configure:19867: result: no
configure:19876: checking whether to link Electric Fence for memory debugging
configure:19954: result: no
configure:20194: checking for double
configure:20218: gcc -c -g -O2 -Wall  conftest.c >&5
configure:20224: $? = 0
configure:20228: test -z 
			 || test ! -s conftest.err
configure:20231: $? = 0
configure:20234: test -s conftest.o
configure:20237: $? = 0
configure:20248: result: yes
configure:20251: checking size of double
configure:20570: gcc -o conftest -g -O2 -Wall   conftest.c -lm  -lpthread -lpthread >&5
configure:20573: $? = 0
configure:20575: ./conftest
configure:20578: $? = 0
configure:20601: result: 8
configure:20608: checking for char
configure:20632: gcc -c -g -O2 -Wall  conftest.c >&5
configure:20638: $? = 0
configure:20642: test -z 
			 || test ! -s conftest.err
configure:20645: $? = 0
configure:20648: test -s conftest.o
configure:20651: $? = 0
configure:20662: result: yes
configure:20665: checking size of char
configure:20984: gcc -o conftest -g -O2 -Wall   conftest.c -lm  -lpthread -lpthread >&5
configure:20987: $? = 0
configure:20989: ./conftest
configure:20992: $? = 0
configure:21015: result: 1
configure:21022: checking for long
configure:21046: gcc -c -g -O2 -Wall  conftest.c >&5
configure:21052: $? = 0
configure:21056: test -z 
			 || test ! -s conftest.err
configure:21059: $? = 0
configure:21062: test -s conftest.o
configure:21065: $? = 0
configure:21076: result: yes
configure:21079: checking size of long
configure:21398: gcc -o conftest -g -O2 -Wall   conftest.c -lm  -lpthread -lpthread >&5
configure:21401: $? = 0
configure:21403: ./conftest
configure:21406: $? = 0
configure:21429: result: 8
configure:21436: checking for int
configure:21460: gcc -c -g -O2 -Wall  conftest.c >&5
configure:21466: $? = 0
configure:21470: test -z 
			 || test ! -s conftest.err
configure:21473: $? = 0
configure:21476: test -s conftest.o
configure:21479: $? = 0
configure:21490: result: yes
configure:21493: checking size of int
configure:21812: gcc -o conftest -g -O2 -Wall   conftest.c -lm  -lpthread -lpthread >&5
configure:21815: $? = 0
configure:21817: ./conftest
configure:21820: $? = 0
configure:21843: result: 4
configure:21850: checking for void *
configure:21874: gcc -c -g -O2 -Wall  conftest.c >&5
configure:21880: $? = 0
configure:21884: test -z 
			 || test ! -s conftest.err
configure:21887: $? = 0
configure:21890: test -s conftest.o
configure:21893: $? = 0
configure:21904: result: yes
configure:21907: checking size of void *
configure:22226: gcc -o conftest -g -O2 -Wall   conftest.c -lm  -lpthread -lpthread >&5
configure:22229: $? = 0
configure:22231: ./conftest
configure:22234: $? = 0
configure:22257: result: 8
configure:22268: checking for an ANSI C-conforming const
configure:22335: gcc -c -g -O2 -Wall  conftest.c >&5
conftest.c: In function 'main':
conftest.c:71:17: warning: unused variable 's' [-Wunused-variable]
     char const *s = 0 ? (char *) 0 : (char const *) 0;
                 ^
conftest.c:91:15: warning: unused variable 'foo' [-Wunused-variable]
     const int foo = 10;
               ^~~
conftest.c:58:29: warning: unused variable 'zero' [-Wunused-variable]
   static struct point const zero = {0,0};
                             ^~~~
conftest.c:52:17: warning: unused variable 'x' [-Wunused-variable]
   const charset x;
                 ^
At top level:
conftest.c:58:29: warning: 'zero' defined but not used [-Wunused-const-variable=]
   static struct point const zero = {0,0};
                             ^~~~
conftest.c: In function 'main':
conftest.c:73:7: warning: 't' is used uninitialized in this function [-Wuninitialized]
     *t++ = 0;
      ~^~
conftest.c:88:23: warning: 'b' is used uninitialized in this function [-Wuninitialized]
     struct s *b; b->j = 5;
                  ~~~~~^~~
configure:22341: $? = 0
configure:22345: test -z 
			 || test ! -s conftest.err
configure:22348: $? = 0
configure:22351: test -s conftest.o
configure:22354: $? = 0
configure:22365: result: yes
configure:22375: checking whether struct tm is in sys/time.h or time.h
configure:22398: gcc -c -g -O2 -Wall  conftest.c >&5
conftest.c: In function 'main':
conftest.c:50:18: warning: statement with no effect [-Wunused-value]
 struct tm *tp; tp->tm_sec;
                ~~^~~~~~~~
configure:22404: $? = 0
configure:22408: test -z 
			 || test ! -s conftest.err
configure:22411: $? = 0
configure:22414: test -s conftest.o
configure:22417: $? = 0
configure:22428: result: time.h
configure:22442: checking for ANSI C header files
configure:22598: result: yes
configure:22608: checking whether time.h and sys/time.h may both be included
configure:22633: gcc -c -g -O2 -Wall  conftest.c >&5
configure:22639: $? = 0
configure:22643: test -z 
			 || test ! -s conftest.err
configure:22646: $? = 0
configure:22649: test -s conftest.o
configure:22652: $? = 0
configure:22663: result: yes
configure:22700: checking pwd.h usability
configure:22712: gcc -c -g -O2 -Wall  conftest.c >&5
configure:22718: $? = 0
configure:22722: test -z 
			 || test ! -s conftest.err
configure:22725: $? = 0
configure:22728: test -s conftest.o
configure:22731: $? = 0
configure:22741: result: yes
configure:22745: checking pwd.h presence
configure:22755: gcc -E  conftest.c
configure:22761: $? = 0
configure:22781: result: yes
configure:22816: checking for pwd.h
configure:22823: result: yes
configure:22700: checking sys/select.h usability
configure:22712: gcc -c -g -O2 -Wall  conftest.c >&5
configure:22718: $? = 0
configure:22722: test -z 
			 || test ! -s conftest.err
configure:22725: $? = 0
configure:22728: test -s conftest.o
configure:22731: $? = 0
configure:22741: result: yes
configure:22745: checking sys/select.h presence
configure:22755: gcc -E  conftest.c
configure:22761: $? = 0
configure:22781: result: yes
configure:22816: checking for sys/select.h
configure:22823: result: yes
configure:22700: checking sys/signal.h usability
configure:22712: gcc -c -g -O2 -Wall  conftest.c >&5
configure:22718: $? = 0
configure:22722: test -z 
			 || test ! -s conftest.err
configure:22725: $? = 0
configure:22728: test -s conftest.o
configure:22731: $? = 0
configure:22741: result: yes
configure:22745: checking sys/signal.h presence
configure:22755: gcc -E  conftest.c
configure:22761: $? = 0
configure:22781: result: yes
configure:22816: checking for sys/signal.h
configure:22823: result: yes
configure:22700: checking sys/time.h usability
configure:22712: gcc -c -g -O2 -Wall  conftest.c >&5
configure:22718: $? = 0
configure:22722: test -z 
			 || test ! -s conftest.err
configure:22725: $? = 0
configure:22728: test -s conftest.o
configure:22731: $? = 0
configure:22741: result: yes
configure:22745: checking sys/time.h presence
configure:22755: gcc -E  conftest.c
configure:22761: $? = 0
configure:22781: result: yes
configure:22816: checking for sys/time.h
configure:22823: result: yes
configure:22691: checking for sys/types.h
configure:22696: result: yes
configure:22700: checking sys/wait.h usability
configure:22712: gcc -c -g -O2 -Wall  conftest.c >&5
configure:22718: $? = 0
configure:22722: test -z 
			 || test ! -s conftest.err
configure:22725: $? = 0
configure:22728: test -s conftest.o
configure:22731: $? = 0
configure:22741: result: yes
configure:22745: checking sys/wait.h presence
configure:22755: gcc -E  conftest.c
configure:22761: $? = 0
configure:22781: result: yes
configure:22816: checking for sys/wait.h
configure:22823: result: yes
configure:22700: checking limits.h usability
configure:22712: gcc -c -g -O2 -Wall  conftest.c >&5
configure:22718: $? = 0
configure:22722: test -z 
			 || test ! -s conftest.err
configure:22725: $? = 0
configure:22728: test -s conftest.o
configure:22731: $? = 0
configure:22741: result: yes
configure:22745: checking limits.h presence
configure:22755: gcc -E  conftest.c
configure:22761: $? = 0
configure:22781: result: yes
configure:22816: checking for limits.h
configure:22823: result: yes
configure:22691: checking for unistd.h
configure:22696: result: yes
configure:22691: checking for string.h
configure:22696: result: yes
configure:22691: checking for strings.h
configure:22696: result: yes
configure:22870: checking for gethostname
configure:22927: gcc -o conftest -g -O2 -Wall   conftest.c -lm  -lpthread -lpthread >&5
configure:22933: $? = 0
configure:22937: test -z 
			 || test ! -s conftest.err
configure:22940: $? = 0
configure:22943: test -s conftest
configure:22946: $? = 0
configure:22958: result: yes
configure:22870: checking for waitpid
configure:22927: gcc -o conftest -g -O2 -Wall   conftest.c -lm  -lpthread -lpthread >&5
configure:22933: $? = 0
configure:22937: test -z 
			 || test ! -s conftest.err
configure:22940: $? = 0
configure:22943: test -s conftest
configure:22946: $? = 0
configure:22958: result: yes
configure:22870: checking for snooze
configure:22927: gcc -o conftest -g -O2 -Wall   conftest.c -lm  -lpthread -lpthread >&5
/usr/bin/ld: /tmp/ccDXLYmk.o: in function `main':
/home/aeri/projects/gui-gal/deps/gaul/conftest.c:98: undefined reference to `snooze'
/usr/bin/ld: /tmp/ccDXLYmk.o:/home/aeri/projects/gui-gal/deps/gaul/conftest.c:89: undefined reference to `snooze'
collect2: error: ld returned 1 exit status
configure:22933: $? = 1
configure: failed program was:
| /* confdefs.h.  */
| 
| #define PACKAGE_NAME "gaul-devel"
| #define PACKAGE_TARNAME "gaul-devel"
| #define PACKAGE_VERSION "0.1850-0"
| #define PACKAGE_STRING "gaul-devel 0.1850-0"
| #define PACKAGE_BUGREPORT "gaul@linux-domain.com"
| #define GA_MAJOR_VERSION 0
| #define GA_MINOR_VERSION 1850
| #define GA_LT_MINOR_VERSION 50
| #define GA_PATCH_VERSION 0
| #define GA_UNAME_STRING "Linux heonae 5.4.0-91-generic #102-Ubuntu SMP Fri Nov 5 16:31:28 UTC 2021 x86_64 x86_64 x86_64 GNU/Linux"
| #define GA_BUILD_DATE_STRING "23/12/21"
| #define GA_VERSION_STRING "0.1850-0"
| #define STDC_HEADERS 1
| #define HAVE_SYS_TYPES_H 1
| #define HAVE_SYS_STAT_H 1
| #define HAVE_STDLIB_H 1
| #define HAVE_STRING_H 1
| #define HAVE_MEMORY_H 1
| #define HAVE_STRINGS_H 1
| #define HAVE_INTTYPES_H 1
| #define HAVE_STDINT_H 1
| #define HAVE_UNISTD_H 1
| #define HAVE_DLFCN_H 1
| #ifdef __cplusplus
| extern "C" void std::exit (int) throw (); using std::exit;
| #endif
| #define GA_DEFAULT_NUM_PROCESSES 8
| #define GA_DEFAULT_NUM_THREADS 4
| #define HAVE_PTHREADS 1
| #define MEMORY_ALLOC_SAFE 1
| #define GA_WRITE_STATS 0
| #define DEBUG 0
| #define GA_DEBUG 0
| #define GA_NUM_PROCESSES_ENVVAR_STRING "GA_NUM_PROCESSES"
| #define GA_NUM_THREADS_ENVVAR_STRING "GA_NUM_THREADS"
| #define SIZEOF_DOUBLE 8
| #define SIZEOF_CHAR 1
| #define SIZEOF_LONG 8
| #define SIZEOF_INT 4
| #define SIZEOF_VOID_P 8
| #define STDC_HEADERS 1
| #define TIME_WITH_SYS_TIME 1
| #define HAVE_PWD_H 1
| #define HAVE_SYS_SELECT_H 1
| #define HAVE_SYS_SIGNAL_H 1
| #define HAVE_SYS_TIME_H 1
| #define HAVE_SYS_TYPES_H 1
| #define HAVE_SYS_WAIT_H 1
| #define HAVE_LIMITS_H 1
| #define HAVE_UNISTD_H 1
| #define HAVE_STRING_H 1
| #define HAVE_STRINGS_H 1
| #define HAVE_GETHOSTNAME 1
| #define HAVE_WAITPID 1
| /* end confdefs.h.  */
| /* Define snooze to an innocuous variant, in case <limits.h> declares snooze.
|    For example, HP-UX 11i <limits.h> declares gettimeofday.  */
| #define snooze innocuous_snooze
| 
| /* System header to define __stub macros and hopefully few prototypes,
|     which can conflict with char snooze (); below.
|     Prefer <limits.h> to <assert.h> if __STDC__ is defined, since
|     <limits.h> exists even on freestanding compilers.  */
| 
| #ifdef __STDC__
| # include <limits.h>
| #else
| # include <assert.h>
| #endif
| 
| #undef snooze
| 
| /* Override any gcc2 internal prototype to avoid an error.  */
| #ifdef __cplusplus
| extern "C"
| {
| #endif
| /* We use char because int might match the return type of a gcc2
|    builtin and then its argument prototype would still apply.  */
| char snooze ();
| /* The GNU C library defines this for functions which it implements
|     to always fail with ENOSYS.  Some functions are actually named
|     something starting with __ and the normal name is an alias.  */
| #if defined (__stub_snooze) || defined (__stub___snooze)
| choke me
| #else
| char (*f) () = snooze;
| #endif
| #ifdef __cplusplus
| }
| #endif
| 
| int
| main ()
| {
| return f != snooze;
|   ;
|   return 0;
| }
configure:22958: result: no
configure:22870: checking for memcpy
configure:22927: gcc -o conftest -g -O2 -Wall   conftest.c -lm  -lpthread -lpthread >&5
conftest.c:82:6: warning: conflicting types for built-in function 'memcpy' [-Wbuiltin-declaration-mismatch]
 char memcpy ();
      ^~~~~~
configure:22933: $? = 0
configure:22937: test -z 
			 || test ! -s conftest.err
configure:22940: $? = 0
configure:22943: test -s conftest
configure:22946: $? = 0
configure:22958: result: yes
configure:22870: checking for memcmp
configure:22927: gcc -o conftest -g -O2 -Wall   conftest.c -lm  -lpthread -lpthread >&5
conftest.c:83:6: warning: conflicting types for built-in function 'memcmp' [-Wbuiltin-declaration-mismatch]
 char memcmp ();
      ^~~~~~
configure:22933: $? = 0
configure:22937: test -z 
			 || test ! -s conftest.err
configure:22940: $? = 0
configure:22943: test -s conftest
configure:22946: $? = 0
configure:22958: result: yes
configure:22870: checking for min
configure:22927: gcc -o conftest -g -O2 -Wall   conftest.c -lm  -lpthread -lpthread >&5
/usr/bin/ld: /tmp/cczlyA0k.o: in function `main':
/home/aeri/projects/gui-gal/deps/gaul/conftest.c:100: undefined reference to `min'
/usr/bin/ld: /tmp/cczlyA0k.o:/home/aeri/projects/gui-gal/deps/gaul/conftest.c:91: undefined reference to `min'
collect2: error: ld returned 1 exit status
configure:22933: $? = 1
configure: failed program was:
| /* confdefs.h.  */
| 
| #define PACKAGE_NAME "gaul-devel"
| #define PACKAGE_TARNAME "gaul-devel"
| #define PACKAGE_VERSION "0.1850-0"
| #define PACKAGE_STRING "gaul-devel 0.1850-0"
| #define PACKAGE_BUGREPORT "gaul@linux-domain.com"
| #define GA_MAJOR_VERSION 0
| #define GA_MINOR_VERSION 1850
| #define GA_LT_MINOR_VERSION 50
| #define GA_PATCH_VERSION 0
| #define GA_UNAME_STRING "Linux heonae 5.4.0-91-generic #102-Ubuntu SMP Fri Nov 5 16:31:28 UTC 2021 x86_64 x86_64 x86_64 GNU/Linux"
| #define GA_BUILD_DATE_STRING "23/12/21"
| #define GA_VERSION_STRING "0.1850-0"
| #define STDC_HEADERS 1
| #define HAVE_SYS_TYPES_H 1
| #define HAVE_SYS_STAT_H 1
| #define HAVE_STDLIB_H 1
| #define HAVE_STRING_H 1
| #define HAVE_MEMORY_H 1
| #define HAVE_STRINGS_H 1
| #define HAVE_INTTYPES_H 1
| #define HAVE_STDINT_H 1
| #define HAVE_UNISTD_H 1
| #define HAVE_DLFCN_H 1
| #ifdef __cplusplus
| extern "C" void std::exit (int) throw (); using std::exit;
| #endif
| #define GA_DEFAULT_NUM_PROCESSES 8
| #define GA_DEFAULT_NUM_THREADS 4
| #define HAVE_PTHREADS 1
| #define MEMORY_ALLOC_SAFE 1
| #define GA_WRITE_STATS 0
| #define DEBUG 0
| #define GA_DEBUG 0
| #define GA_NUM_PROCESSES_ENVVAR_STRING "GA_NUM_PROCESSES"
| #define GA_NUM_THREADS_ENVVAR_STRING "GA_NUM_THREADS"
| #define SIZEOF_DOUBLE 8
| #define SIZEOF_CHAR 1
| #define SIZEOF_LONG 8
| #define SIZEOF_INT 4
| #define SIZEOF_VOID_P 8
| #define STDC_HEADERS 1
| #define TIME_WITH_SYS_TIME 1
| #define HAVE_PWD_H 1
| #define HAVE_SYS_SELECT_H 1
| #define HAVE_SYS_SIGNAL_H 1
| #define HAVE_SYS_TIME_H 1
| #define HAVE_SYS_TYPES_H 1
| #define HAVE_SYS_WAIT_H 1
| #define HAVE_LIMITS_H 1
| #define HAVE_UNISTD_H 1
| #define HAVE_STRING_H 1
| #define HAVE_STRINGS_H 1
| #define HAVE_GETHOSTNAME 1
| #define HAVE_WAITPID 1
| #define HAVE_MEMCPY 1
| #define HAVE_MEMCMP 1
| /* end confdefs.h.  */
| /* Define min to an innocuous variant, in case <limits.h> declares min.
|    For example, HP-UX 11i <limits.h> declares gettimeofday.  */
| #define min innocuous_min
| 
| /* System header to define __stub macros and hopefully few prototypes,
|     which can conflict with char min (); below.
|     Prefer <limits.h> to <assert.h> if __STDC__ is defined, since
|     <limits.h> exists even on freestanding compilers.  */
| 
| #ifdef __STDC__
| # include <limits.h>
| #else
| # include <assert.h>
| #endif
| 
| #undef min
| 
| /* Override any gcc2 internal prototype to avoid an error.  */
| #ifdef __cplusplus
| extern "C"
| {
| #endif
| /* We use char because int might match the return type of a gcc2
|    builtin and then its argument prototype would still apply.  */
| char min ();
| /* The GNU C library defines this for functions which it implements
|     to always fail with ENOSYS.  Some functions are actually named
|     something starting with __ and the normal name is an alias.  */
| #if defined (__stub_min) || defined (__stub___min)
| choke me
| #else
| char (*f) () = min;
| #endif
| #ifdef __cplusplus
| }
| #endif
| 
| int
| main ()
| {
| return f != min;
|   ;
|   return 0;
| }
configure:22958: result: no
configure:22870: checking for max
configure:22927: gcc -o conftest -g -O2 -Wall   conftest.c -lm  -lpthread -lpthread >&5
/usr/bin/ld: /tmp/ccvxAk24.o: in function `main':
/home/aeri/projects/gui-gal/deps/gaul/conftest.c:100: undefined reference to `max'
/usr/bin/ld: /tmp/ccvxAk24.o:/home/aeri/projects/gui-gal/deps/gaul/conftest.c:91: undefined reference to `max'
collect2: error: ld returned 1 exit status
configure:22933: $? = 1
configure: failed program was:
| /* confdefs.h.  */
| 
| #define PACKAGE_NAME "gaul-devel"
| #define PACKAGE_TARNAME "gaul-devel"
| #define PACKAGE_VERSION "0.1850-0"
| #define PACKAGE_STRING "gaul-devel 0.1850-0"
| #define PACKAGE_BUGREPORT "gaul@linux-domain.com"
| #define GA_MAJOR_VERSION 0
| #define GA_MINOR_VERSION 1850
| #define GA_LT_MINOR_VERSION 50
| #define GA_PATCH_VERSION 0
| #define GA_UNAME_STRING "Linux heonae 5.4.0-91-generic #102-Ubuntu SMP Fri Nov 5 16:31:28 UTC 2021 x86_64 x86_64 x86_64 GNU/Linux"
| #define GA_BUILD_DATE_STRING "23/12/21"
| #define GA_VERSION_STRING "0.1850-0"
| #define STDC_HEADERS 1
| #define HAVE_SYS_TYPES_H 1
| #define HAVE_SYS_STAT_H 1
| #define HAVE_STDLIB_H 1
| #define HAVE_STRING_H 1
| #define HAVE_MEMORY_H 1
| #define HAVE_STRINGS_H 1
| #define HAVE_INTTYPES_H 1
| #define HAVE_STDINT_H 1
| #define HAVE_UNISTD_H 1
| #define HAVE_DLFCN_H 1
| #ifdef __cplusplus
| extern "C" void std::exit (int) throw (); using std::exit;
| #endif
| #define GA_DEFAULT_NUM_PROCESSES 8
| #define GA_DEFAULT_NUM_THREADS 4
| #define HAVE_PTHREADS 1
| #define MEMORY_ALLOC_SAFE 1
| #define GA_WRITE_STATS 0
| #define DEBUG 0
| #define GA_DEBUG 0
| #define GA_NUM_PROCESSES_ENVVAR_STRING "GA_NUM_PROCESSES"
| #define GA_NUM_THREADS_ENVVAR_STRING "GA_NUM_THREADS"
| #define SIZEOF_DOUBLE 8
| #define SIZEOF_CHAR 1
| #define SIZEOF_LONG 8
| #define SIZEOF_INT 4
| #define SIZEOF_VOID_P 8
| #define STDC_HEADERS 1
| #define TIME_WITH_SYS_TIME 1
| #define HAVE_PWD_H 1
| #define HAVE_SYS_SELECT_H 1
| #define HAVE_SYS_SIGNAL_H 1
| #define HAVE_SYS_TIME_H 1
| #define HAVE_SYS_TYPES_H 1
| #define HAVE_SYS_WAIT_H 1
| #define HAVE_LIMITS_H 1
| #define HAVE_UNISTD_H 1
| #define HAVE_STRING_H 1
| #define HAVE_STRINGS_H 1
| #define HAVE_GETHOSTNAME 1
| #define HAVE_WAITPID 1
| #define HAVE_MEMCPY 1
| #define HAVE_MEMCMP 1
| /* end confdefs.h.  */
| /* Define max to an innocuous variant, in case <limits.h> declares max.
|    For example, HP-UX 11i <limits.h> declares gettimeofday.  */
| #define max innocuous_max
| 
| /* System header to define __stub macros and hopefully few prototypes,
|     which can conflict with char max (); below.
|     Prefer <limits.h> to <assert.h> if __STDC__ is defined, since
|     <limits.h> exists even on freestanding compilers.  */
| 
| #ifdef __STDC__
| # include <limits.h>
| #else
| # include <assert.h>
| #endif
| 
| #undef max
| 
| /* Override any gcc2 internal prototype to avoid an error.  */
| #ifdef __cplusplus
| extern "C"
| {
| #endif
| /* We use char because int might match the return type of a gcc2
|    builtin and then its argument prototype would still apply.  */
| char max ();
| /* The GNU C library defines this for functions which it implements
|     to always fail with ENOSYS.  Some functions are actually named
|     something starting with __ and the normal name is an alias.  */
| #if defined (__stub_max) || defined (__stub___max)
| choke me
| #else
| char (*f) () = max;
| #endif
| #ifdef __cplusplus
| }
| #endif
| 
| int
| main ()
| {
| return f != max;
|   ;
|   return 0;
| }
configure:22958: result: no
configure:22870: checking for index
configure:22927: gcc -o conftest -g -O2 -Wall   conftest.c -lm  -lpthread -lpthread >&5
conftest.c:84:6: warning: conflicting types for built-in function 'index' [-Wbuiltin-declaration-mismatch]
 char index ();
      ^~~~~
configure:22933: $? = 0
configure:22937: test -z 
			 || test ! -s conftest.err
configure:22940: $? = 0
configure:22943: test -s conftest
configure:22946: $? = 0
configure:22958: result: yes
configure:22870: checking for sincos
configure:22927: gcc -o conftest -g -O2 -Wall   conftest.c -lm  -lpthread -lpthread >&5
conftest.c:85:6: warning: conflicting types for built-in function 'sincos' [-Wbuiltin-declaration-mismatch]
 char sincos ();
      ^~~~~~
configure:22933: $? = 0
configure:22937: test -z 
			 || test ! -s conftest.err
configure:22940: $? = 0
configure:22943: test -s conftest
configure:22946: $? = 0
configure:22958: result: yes
configure:22870: checking for strchr
configure:22927: gcc -o conftest -g -O2 -Wall   conftest.c -lm  -lpthread -lpthread >&5
conftest.c:86:6: warning: conflicting types for built-in function 'strchr' [-Wbuiltin-declaration-mismatch]
 char strchr ();
      ^~~~~~
configure:22933: $? = 0
configure:22937: test -z 
			 || test ! -s conftest.err
configure:22940: $? = 0
configure:22943: test -s conftest
configure:22946: $? = 0
configure:22958: result: yes
configure:22870: checking for strcmp
configure:22927: gcc -o conftest -g -O2 -Wall   conftest.c -lm  -lpthread -lpthread >&5
conftest.c:87:6: warning: conflicting types for built-in function 'strcmp' [-Wbuiltin-declaration-mismatch]
 char strcmp ();
      ^~~~~~
configure:22933: $? = 0
configure:22937: test -z 
			 || test ! -s conftest.err
configure:22940: $? = 0
configure:22943: test -s conftest
configure:22946: $? = 0
configure:22958: result: yes
configure:22870: checking for strcpy
configure:22927: gcc -o conftest -g -O2 -Wall   conftest.c -lm  -lpthread -lpthread >&5
conftest.c:88:6: warning: conflicting types for built-in function 'strcpy' [-Wbuiltin-declaration-mismatch]
 char strcpy ();
      ^~~~~~
configure:22933: $? = 0
configure:22937: test -z 
			 || test ! -s conftest.err
configure:22940: $? = 0
configure:22943: test -s conftest
configure:22946: $? = 0
configure:22958: result: yes
configure:22870: checking for strpbrk
configure:22927: gcc -o conftest -g -O2 -Wall   conftest.c -lm  -lpthread -lpthread >&5
conftest.c:89:6: warning: conflicting types for built-in function 'strpbrk' [-Wbuiltin-declaration-mismatch]
 char strpbrk ();
      ^~~~~~~
configure:22933: $? = 0
configure:22937: test -z 
			 || test ! -s conftest.err
configure:22940: $? = 0
configure:22943: test -s conftest
configure:22946: $? = 0
configure:22958: result: yes
configure:22870: checking for strsep
configure:22927: gcc -o conftest -g -O2 -Wall   conftest.c -lm  -lpthread -lpthread >&5
configure:22933: $? = 0
configure:22937: test -z 
			 || test ! -s conftest.err
configure:22940: $? = 0
configure:22943: test -s conftest
configure:22946: $? = 0
configure:22958: result: yes
configure:22870: checking for strcasecmp
configure:22927: gcc -o conftest -g -O2 -Wall   conftest.c -lm  -lpthread -lpthread >&5
conftest.c:91:6: warning: conflicting types for built-in function 'strcasecmp' [-Wbuiltin-declaration-mismatch]
 char strcasecmp ();
      ^~~~~~~~~~
configure:22933: $? = 0
configure:22937: test -z 
			 || test ! -s conftest.err
configure:22940: $? = 0
configure:22943: test -s conftest
configure:22946: $? = 0
configure:22958: result: yes
configure:22870: checking for strncasecmp
configure:22927: gcc -o conftest -g -O2 -Wall   conftest.c -lm  -lpthread -lpthread >&5
conftest.c:92:6: warning: conflicting types for built-in function 'strncasecmp' [-Wbuiltin-declaration-mismatch]
 char strncasecmp ();
      ^~~~~~~~~~~
configure:22933: $? = 0
configure:22937: test -z 
			 || test ! -s conftest.err
configure:22940: $? = 0
configure:22943: test -s conftest
configure:22946: $? = 0
configure:22958: result: yes
configure:22870: checking for strdup
configure:22927: gcc -o conftest -g -O2 -Wall   conftest.c -lm  -lpthread -lpthread >&5
conftest.c:93:6: warning: conflicting types for built-in function 'strdup' [-Wbuiltin-declaration-mismatch]
 char strdup ();
      ^~~~~~
configure:22933: $? = 0
configure:22937: test -z 
			 || test ! -s conftest.err
configure:22940: $? = 0
configure:22943: test -s conftest
configure:22946: $? = 0
configure:22958: result: yes
configure:22870: checking for strndup
configure:22927: gcc -o conftest -g -O2 -Wall   conftest.c -lm  -lpthread -lpthread >&5
conftest.c:94:6: warning: conflicting types for built-in function 'strndup' [-Wbuiltin-declaration-mismatch]
 char strndup ();
      ^~~~~~~
configure:22933: $? = 0
configure:22937: test -z 
			 || test ! -s conftest.err
configure:22940: $? = 0
configure:22943: test -s conftest
configure:22946: $? = 0
configure:22958: result: yes
configure:22978: checking for bcopy
configure:23035: gcc -o conftest -g -O2 -Wall   conftest.c -lm  -lpthread -lpthread >&5
conftest.c:95:6: warning: conflicting types for built-in function 'bcopy' [-Wbuiltin-declaration-mismatch]
 char bcopy ();
      ^~~~~
configure:23041: $? = 0
configure:23045: test -z 
			 || test ! -s conftest.err
configure:23048: $? = 0
configure:23051: test -s conftest
configure:23054: $? = 0
configure:23066: result: yes
configure:22978: checking for bcmp
configure:23035: gcc -o conftest -g -O2 -Wall   conftest.c -lm  -lpthread -lpthread >&5
conftest.c:96:6: warning: conflicting types for built-in function 'bcmp' [-Wbuiltin-declaration-mismatch]
 char bcmp ();
      ^~~~
configure:23041: $? = 0
configure:23045: test -z 
			 || test ! -s conftest.err
configure:23048: $? = 0
configure:23051: test -s conftest
configure:23054: $? = 0
configure:23066: result: yes
configure:22978: checking for strlen
configure:23035: gcc -o conftest -g -O2 -Wall   conftest.c -lm  -lpthread -lpthread >&5
conftest.c:97:6: warning: conflicting types for built-in function 'strlen' [-Wbuiltin-declaration-mismatch]
 char strlen ();
      ^~~~~~
configure:23041: $? = 0
configure:23045: test -z 
			 || test ! -s conftest.err
configure:23048: $? = 0
configure:23051: test -s conftest
configure:23054: $? = 0
configure:23066: result: yes
configure:22978: checking for strncmp
configure:23035: gcc -o conftest -g -O2 -Wall   conftest.c -lm  -lpthread -lpthread >&5
conftest.c:98:6: warning: conflicting types for built-in function 'strncmp' [-Wbuiltin-declaration-mismatch]
 char strncmp ();
      ^~~~~~~
configure:23041: $? = 0
configure:23045: test -z 
			 || test ! -s conftest.err
configure:23048: $? = 0
configure:23051: test -s conftest
configure:23054: $? = 0
configure:23066: result: yes
configure:22978: checking for strncpy
configure:23035: gcc -o conftest -g -O2 -Wall   conftest.c -lm  -lpthread -lpthread >&5
conftest.c:99:6: warning: conflicting types for built-in function 'strncpy' [-Wbuiltin-declaration-mismatch]
 char strncpy ();
      ^~~~~~~
configure:23041: $? = 0
configure:23045: test -z 
			 || test ! -s conftest.err
configure:23048: $? = 0
configure:23051: test -s conftest
configure:23054: $? = 0
configure:23066: result: yes
configure:22978: checking for memset
configure:23035: gcc -o conftest -g -O2 -Wall   conftest.c -lm  -lpthread -lpthread >&5
conftest.c:100:6: warning: conflicting types for built-in function 'memset' [-Wbuiltin-declaration-mismatch]
 char memset ();
      ^~~~~~
configure:23041: $? = 0
configure:23045: test -z 
			 || test ! -s conftest.err
configure:23048: $? = 0
configure:23051: test -s conftest
configure:23054: $? = 0
configure:23066: result: yes
configure:22978: checking for usleep
configure:23035: gcc -o conftest -g -O2 -Wall   conftest.c -lm  -lpthread -lpthread >&5
configure:23041: $? = 0
configure:23045: test -z 
			 || test ! -s conftest.err
configure:23048: $? = 0
configure:23051: test -s conftest
configure:23054: $? = 0
configure:23066: result: yes
configure:23150: checking whether to apply processor specific optimisations
configure:23193: result: no - none defined for x86_64-unknown-linux-gnu
configure:23202: checking memory alignment
configure:23229: gcc -o conftest -g -O2 -Wall   conftest.c -lm  -lpthread -lpthread >&5
conftest.c: In function 'main':
conftest.c:86:16: warning: format '%d' expects argument of type 'int', but argument 3 has type 'long unsigned int' [-Wformat=]
   fprintf(f, "%d\n", (unsigned int) sizeof(long)>sizeof(void *)?sizeof(long):sizeof(void *));
               ~^     ~~~~~~~~~~~~~~~~~~~~~~~~~~~~~~~~~~~~~~~~~~~~~~~~~~~~~~~~~~~~~~~~~~~~~~
               %ld
configure:23232: $? = 0
configure:23234: ./conftest
configure:23237: $? = 0
configure:23252: result: 8
configure:23266: checking for working stdbool.h
configure:23287: gcc -c -g -O2 -Wall  conftest.c >&5
conftest.c: In function 'main':
conftest.c:84:6: warning: unused variable 'blah' [-Wunused-variable]
 bool blah = false;
      ^~~~
configure:23293: $? = 0
configure:23297: test -z 
			 || test ! -s conftest.err
configure:23300: $? = 0
configure:23303: test -s conftest.o
configure:23306: $? = 0
configure:23317: result: yes
configure:23328: checking for built-in _Bool type
configure:23349: gcc -c -g -O2 -Wall  conftest.c >&5
conftest.c: In function 'main':
conftest.c:85:7: warning: unused variable 'blah' [-Wunused-variable]
 _Bool blah = (_Bool)0;
       ^~~~
configure:23355: $? = 0
configure:23359: test -z 
			 || test ! -s conftest.err
configure:23362: $? = 0
configure:23365: test -s conftest.o
configure:23368: $? = 0
configure:23379: result: yes
configure:23568: creating ./config.status

## ---------------------- ##
## Running config.status. ##
## ---------------------- ##

This file was extended by gaul-devel config.status 0.1850-0, which was
generated by GNU Autoconf 2.59.  Invocation command line was

  CONFIG_FILES    = 
  CONFIG_HEADERS  = 
  CONFIG_LINKS    = 
  CONFIG_COMMANDS = 
  $ ./config.status 

on heonae

config.status:790: creating Makefile
config.status:790: creating util/Makefile
config.status:790: creating src/Makefile
config.status:790: creating tests/Makefile
config.status:790: creating debian/Makefile
config.status:790: creating windows/Makefile
config.status:894: creating config.h
config.status:894: creating util/gaul/gaul_config.h
config.status:1314: executing depfiles commands
config.status:1314: executing default-1 commands
config.status:1314: executing default commands

## ---------------- ##
## Cache variables. ##
## ---------------- ##

ac_cv_build=x86_64-unknown-linux-gnu
ac_cv_build_alias=x86_64-unknown-linux-gnu
ac_cv_c_compiler_gnu=yes
ac_cv_c_const=yes
ac_cv_cxx_compiler_gnu=yes
ac_cv_env_CC_set=
ac_cv_env_CC_value=
ac_cv_env_CFLAGS_set=
ac_cv_env_CFLAGS_value=
ac_cv_env_CPPFLAGS_set=
ac_cv_env_CPPFLAGS_value=
ac_cv_env_CPP_set=
ac_cv_env_CPP_value=
ac_cv_env_CXXCPP_set=
ac_cv_env_CXXCPP_value=
ac_cv_env_CXXFLAGS_set=
ac_cv_env_CXXFLAGS_value=
ac_cv_env_CXX_set=
ac_cv_env_CXX_value=
ac_cv_env_F77_set=
ac_cv_env_F77_value=
ac_cv_env_FFLAGS_set=
ac_cv_env_FFLAGS_value=
ac_cv_env_LDFLAGS_set=
ac_cv_env_LDFLAGS_value=
ac_cv_env_build_alias_set=
ac_cv_env_build_alias_value=
ac_cv_env_host_alias_set=
ac_cv_env_host_alias_value=
ac_cv_env_target_alias_set=
ac_cv_env_target_alias_value=
ac_cv_exeext=
ac_cv_f77_compiler_gnu=yes
ac_cv_func_bcmp=yes
ac_cv_func_bcopy=yes
ac_cv_func_gethostname=yes
ac_cv_func_index=yes
ac_cv_func_max=no
ac_cv_func_memcmp=yes
ac_cv_func_memcpy=yes
ac_cv_func_memset=yes
ac_cv_func_min=no
ac_cv_func_sincos=yes
ac_cv_func_snooze=no
ac_cv_func_strcasecmp=yes
ac_cv_func_strchr=yes
ac_cv_func_strcmp=yes
ac_cv_func_strcpy=yes
ac_cv_func_strdup=yes
ac_cv_func_strlen=yes
ac_cv_func_strncasecmp=yes
ac_cv_func_strncmp=yes
ac_cv_func_strncpy=yes
ac_cv_func_strndup=yes
ac_cv_func_strpbrk=yes
ac_cv_func_strsep=yes
ac_cv_func_usleep=yes
ac_cv_func_waitpid=yes
ac_cv_header_dlfcn_h=yes
ac_cv_header_inttypes_h=yes
ac_cv_header_limits_h=yes
ac_cv_header_memory_h=yes
ac_cv_header_pwd_h=yes
ac_cv_header_stdc=yes
ac_cv_header_stdint_h=yes
ac_cv_header_stdlib_h=yes
ac_cv_header_string_h=yes
ac_cv_header_strings_h=yes
ac_cv_header_sys_select_h=yes
ac_cv_header_sys_signal_h=yes
ac_cv_header_sys_stat_h=yes
ac_cv_header_sys_time_h=yes
ac_cv_header_sys_types_h=yes
ac_cv_header_sys_wait_h=yes
ac_cv_header_time=yes
ac_cv_header_unistd_h=yes
ac_cv_host=x86_64-unknown-linux-gnu
ac_cv_host_alias=x86_64-unknown-linux-gnu
ac_cv_lib_m_sqrt=yes
ac_cv_lib_pthread_pthread_create=yes
ac_cv_objext=o
ac_cv_path_install='/usr/bin/install -c'
ac_cv_prog_AWK=gawk
ac_cv_prog_CPP='gcc -E'
ac_cv_prog_CXXCPP='g++ -E'
ac_cv_prog_ac_ct_AR=ar
ac_cv_prog_ac_ct_CC=gcc
ac_cv_prog_ac_ct_CXX=g++
ac_cv_prog_ac_ct_F77=f77
ac_cv_prog_ac_ct_RANLIB=ranlib
ac_cv_prog_ac_ct_STRIP=strip
ac_cv_prog_cc_g=yes
ac_cv_prog_cc_stdc=
ac_cv_prog_cxx_g=yes
ac_cv_prog_egrep='grep -E'
ac_cv_prog_f77_g=yes
ac_cv_prog_make_make_set=yes
ac_cv_sizeof_char=1
ac_cv_sizeof_double=8
ac_cv_sizeof_int=4
ac_cv_sizeof_long=8
ac_cv_sizeof_void_p=8
ac_cv_struct_tm=time.h
ac_cv_target=x86_64-unknown-linux-gnu
ac_cv_target_alias=x86_64-unknown-linux-gnu
ac_cv_type_char=yes
ac_cv_type_double=yes
ac_cv_type_int=yes
ac_cv_type_long=yes
ac_cv_type_void_p=yes
am_cv_CC_dependencies_compiler_type=gcc3
am_cv_CXX_dependencies_compiler_type=gcc3
lt_cv_deplibs_check_method=pass_all
lt_cv_file_magic_cmd='$MAGIC_CMD'
lt_cv_file_magic_test_file=
lt_cv_ld_reload_flag=-r
lt_cv_objdir=.libs
lt_cv_path_LD=/usr/bin/ld
lt_cv_path_LDCXX='/usr/bin/ld -m elf_x86_64'
lt_cv_path_NM='/usr/bin/nm -B'
lt_cv_path_SED=/usr/bin/sed
lt_cv_prog_compiler_c_o=yes
lt_cv_prog_compiler_c_o_CXX=yes
lt_cv_prog_compiler_c_o_F77=yes
lt_cv_prog_compiler_rtti_exceptions=no
lt_cv_prog_gnu_ld=yes
lt_cv_prog_gnu_ldcxx=yes
lt_cv_sys_global_symbol_pipe='sed -n -e '\''s/^.*[ 	]\([ABCDGIRSTW][ABCDGIRSTW]*\)[ 	][ 	]*\([_A-Za-z][_A-Za-z0-9]*\)$/\1 \2 \2/p'\'''
lt_cv_sys_global_symbol_to_c_name_address='sed -n -e '\''s/^: \([^ ]*\) $/  {\"\1\", (lt_ptr) 0},/p'\'' -e '\''s/^[BCDEGRST] \([^ ]*\) \([^ ]*\)$/  {"\2", (lt_ptr) \&\2},/p'\'''
lt_cv_sys_global_symbol_to_cdecl='sed -n -e '\''s/^. .* \(.*\)$/extern int \1;/p'\'''
lt_cv_sys_max_cmd_len=32768
lt_lt_cv_prog_compiler_c_o='"yes"'
lt_lt_cv_prog_compiler_c_o_CXX='"yes"'
lt_lt_cv_prog_compiler_c_o_F77='"yes"'
lt_lt_cv_sys_global_symbol_pipe='"sed -n -e '\''s/^.*[ 	]\\([ABCDGIRSTW][ABCDGIRSTW]*\\)[ 	][ 	]*\\([_A-Za-z][_A-Za-z0-9]*\\)\$/\\1 \\2 \\2/p'\''"'
lt_lt_cv_sys_global_symbol_to_c_name_address='"sed -n -e '\''s/^: \\([^ ]*\\) \$/  {\\\"\\1\\\", (lt_ptr) 0},/p'\'' -e '\''s/^[BCDEGRST] \\([^ ]*\\) \\([^ ]*\\)\$/  {\"\\2\", (lt_ptr) \\&\\2},/p'\''"'
lt_lt_cv_sys_global_symbol_to_cdecl='"sed -n -e '\''s/^. .* \\(.*\\)\$/extern int \\1;/p'\''"'

## ----------------- ##
## Output variables. ##
## ----------------- ##

ACLOCAL='${SHELL} /home/aeri/projects/gui-gal/deps/gaul/missing --run aclocal-1.9'
AMDEPBACKSLASH='\'
AMDEP_FALSE='#'
AMDEP_TRUE=''
AMTAR='${SHELL} /home/aeri/projects/gui-gal/deps/gaul/missing --run tar'
AR='ar'
AS='as'
AUTOCONF='${SHELL} /home/aeri/projects/gui-gal/deps/gaul/missing --run autoconf'
AUTOHEADER='${SHELL} /home/aeri/projects/gui-gal/deps/gaul/missing --run autoheader'
AUTOMAKE='${SHELL} /home/aeri/projects/gui-gal/deps/gaul/missing --run automake-1.9'
AWK='gawk'
CC='gcc'
CCDEPMODE='depmode=gcc3'
CFLAGS='-g -O2 -Wall '
CPP='gcc -E'
CPPFLAGS=''
CXX='g++'
CXXCPP='g++ -E'
CXXDEPMODE='depmode=gcc3'
CXXFLAGS='-g -O2'
CYGPATH_W='echo'
DEFS='-DHAVE_CONFIG_H'
DEPDIR='.deps'
DLLTOOL='dlltool'
ECHO='echo'
ECHO_C=''
ECHO_N='-n'
ECHO_T=''
EGREP='grep -E'
EXEEXT=''
F77='f77'
FFLAGS='-g -O2'
GA_BUILD_DATE_STRING=''
GA_LT_MINOR_VERSION='50'
GA_MAJOR_VERSION='0'
GA_MINOR_VERSION='1850'
GA_NUM_PROCESSES_ENVVAR_STRING='"GA_NUM_PROCESSES"'
GA_PATCH_VERSION='0'
GA_UNAME_STRING=''
GA_VERSION='0.1850-0'
GA_VERSION_STRING=''
INSTALL_DATA='${INSTALL} -m 644'
INSTALL_PROGRAM='${INSTALL}'
INSTALL_SCRIPT='${INSTALL}'
INSTALL_STRIP_PROGRAM='${SHELL} $(install_sh) -c -s'
LDFLAGS=''
LIBOBJS=''
LIBS='-lm  -lpthread -lpthread'
LIBTOOL='$(SHELL) $(top_builddir)/libtool'
LN_S='ln -s'
LTLIBOBJS=''
LT_CURRENT='0'
LT_RELEASE='0.50'
LT_REVISION='0'
MAKEINFO='${SHELL} /home/aeri/projects/gui-gal/deps/gaul/missing --run makeinfo'
MPIFLAGS=''
MPILIBS=''
OBJDUMP='objdump'
OBJEXT='o'
PACKAGE='gaul-devel'
PACKAGE_BUGREPORT='gaul@linux-domain.com'
PACKAGE_NAME='gaul-devel'
PACKAGE_STRING='gaul-devel 0.1850-0'
PACKAGE_TARNAME='gaul-devel'
PACKAGE_VERSION='0.1850-0'
PATH_SEPARATOR=':'
RANLIB='ranlib'
SET_MAKE=''
SHELL='/bin/bash'
STRIP='strip'
VERSION='0.1850-0'
ac_ct_AR='ar'
ac_ct_AS=''
ac_ct_CC='gcc'
ac_ct_CXX='g++'
ac_ct_DLLTOOL=''
ac_ct_F77='f77'
ac_ct_OBJDUMP=''
ac_ct_RANLIB='ranlib'
ac_ct_STRIP='strip'
am__fastdepCC_FALSE='#'
am__fastdepCC_TRUE=''
am__fastdepCXX_FALSE='#'
am__fastdepCXX_TRUE=''
am__include='include'
am__leading_dot='.'
am__quote=''
am__tar='${AMTAR} chof - "$$tardir"'
am__untar='${AMTAR} xf -'
bindir='${exec_prefix}/bin'
build='x86_64-unknown-linux-gnu'
build_alias=''
build_cpu='x86_64'
build_os='linux-gnu'
build_vendor='unknown'
datadir='${prefix}/share'
exec_prefix='${prefix}'
host='x86_64-unknown-linux-gnu'
host_alias=''
host_cpu='x86_64'
host_os='linux-gnu'
host_vendor='unknown'
includedir='${prefix}/include'
infodir='${prefix}/info'
install_sh='/home/aeri/projects/gui-gal/deps/gaul/install-sh'
libdir='${exec_prefix}/lib'
libexecdir='${exec_prefix}/libexec'
localstatedir='${prefix}/var'
mandir='${prefix}/man'
mkdir_p='mkdir -p --'
oldincludedir='/usr/include'
prefix='/usr/local'
program_transform_name='s,x,x,'
sbindir='${exec_prefix}/sbin'
sharedstatedir='${prefix}/com'
sysconfdir='${prefix}/etc'
target='x86_64-unknown-linux-gnu'
target_alias=''
target_cpu='x86_64'
target_os='linux-gnu'
target_vendor='unknown'

## ----------- ##
## confdefs.h. ##
## ----------- ##

#define DEBUG 0
#define GA_BUILD_DATE_STRING "23/12/21"
#define GA_DEBUG 0
#define GA_DEFAULT_NUM_PROCESSES 8
#define GA_DEFAULT_NUM_THREADS 4
#define GA_LT_MINOR_VERSION 50
#define GA_MAJOR_VERSION 0
#define GA_MINOR_VERSION 1850
#define GA_NUM_PROCESSES_ENVVAR_STRING "GA_NUM_PROCESSES"
#define GA_NUM_THREADS_ENVVAR_STRING "GA_NUM_THREADS"
#define GA_PATCH_VERSION 0
#define GA_UNAME_STRING "Linux heonae 5.4.0-91-generic #102-Ubuntu SMP Fri Nov 5 16:31:28 UTC 2021 x86_64 x86_64 x86_64 GNU/Linux"
#define GA_VERSION_STRING "0.1850-0"
#define GA_WRITE_STATS 0
#define HAVE_BCMP 1
#define HAVE_BCOPY 1
#define HAVE_DLFCN_H 1
#define HAVE_GETHOSTNAME 1
#define HAVE_INDEX 1
#define HAVE_INTTYPES_H 1
#define HAVE_LIMITS_H 1
#define HAVE_MEMCMP 1
#define HAVE_MEMCPY 1
#define HAVE_MEMORY_H 1
#define HAVE_MEMSET 1
#define HAVE_PTHREADS 1
#define HAVE_PWD_H 1
#define HAVE_SINCOS 1
#define HAVE_STDBOOL_H 1
#define HAVE_STDINT_H 1
#define HAVE_STDLIB_H 1
#define HAVE_STRCASECMP 1
#define HAVE_STRCHR 1
#define HAVE_STRCMP 1
#define HAVE_STRCPY 1
#define HAVE_STRDUP 1
#define HAVE_STRINGS_H 1
#define HAVE_STRINGS_H 1
#define HAVE_STRING_H 1
#define HAVE_STRING_H 1
#define HAVE_STRLEN 1
#define HAVE_STRNCASECMP 1
#define HAVE_STRNCMP 1
#define HAVE_STRNCPY 1
#define HAVE_STRNDUP 1
#define HAVE_STRPBRK 1
#define HAVE_STRSEP 1
#define HAVE_SYS_SELECT_H 1
#define HAVE_SYS_SIGNAL_H 1
#define HAVE_SYS_STAT_H 1
#define HAVE_SYS_TIME_H 1
#define HAVE_SYS_TYPES_H 1
#define HAVE_SYS_TYPES_H 1
#define HAVE_SYS_WAIT_H 1
#define HAVE_UNISTD_H 1
#define HAVE_UNISTD_H 1
#define HAVE_USLEEP 1
#define HAVE_WAITPID 1
#define HAVE__BOOL 1
#define MEMORY_ALIGN_SIZE 8
#define MEMORY_ALLOC_SAFE 1
#define PACKAGE_BUGREPORT "gaul@linux-domain.com"
#define PACKAGE_NAME "gaul-devel"
#define PACKAGE_STRING "gaul-devel 0.1850-0"
#define PACKAGE_TARNAME "gaul-devel"
#define PACKAGE_VERSION "0.1850-0"
#define SIZEOF_CHAR 1
#define SIZEOF_DOUBLE 8
#define SIZEOF_INT 4
#define SIZEOF_LONG 8
#define SIZEOF_VOID_P 8
#define STDC_HEADERS 1
#define STDC_HEADERS 1
#define SUN_FORTE_C 0
#define TIME_WITH_SYS_TIME 1
#endif
#ifdef __cplusplus
extern "C" void std::exit (int) throw (); using std::exit;

configure: exit 0
